<?xml version="1.0" encoding="UTF-8"?>
<testng-results ignored="0" total="1" passed="1" failed="0" skipped="0">
  <reporter-output>
  </reporter-output>
  <suite started-at="2023-12-07T14:07:55 IST" name="Default suite" finished-at="2023-12-07T14:08:13 IST" duration-ms="17955">
    <groups>
    </groups>
    <test started-at="2023-12-07T14:07:55 IST" name="Default test" finished-at="2023-12-07T14:08:13 IST" duration-ms="17955">
      <class name="ASIS_Login.Login">
        <test-method is-config="true" signature="browser()[pri:0, instance:ASIS_Login.Login@6340e5f0]" started-at="2023-12-07T14:07:55 IST" name="browser" finished-at="2023-12-07T14:07:58 IST" duration-ms="2849" status="PASS">
          <reporter-output>
          </reporter-output>
        </test-method> <!-- browser -->
        <test-method signature="LoginTest()[pri:0, instance:ASIS_Login.Login@6340e5f0]" started-at="2023-12-07T14:07:58 IST" name="LoginTest" finished-at="2023-12-07T14:08:10 IST" duration-ms="12312" status="PASS">
          <reporter-output>
          </reporter-output>
        </test-method> <!-- LoginTest -->
        <test-method is-config="true" signature="Teardown()[pri:0, instance:ASIS_Login.Login@6340e5f0]" started-at="2023-12-07T14:08:10 IST" name="Teardown" finished-at="2023-12-07T14:08:13 IST" duration-ms="2749" status="PASS">
          <reporter-output>
          </reporter-output>
        </test-method> <!-- Teardown -->
      </class> <!-- ASIS_Login.Login -->
    </test> <!-- Default test -->
  </suite> <!-- Default suite -->
</testng-results>
